#
# There is insufficient memory for the Java Runtime Environment to continue.
# Native memory allocation (malloc) failed to allocate 32744 bytes for ChunkPool::allocate
# Possible reasons:
#   The system is out of physical RAM or swap space
#   In 32 bit mode, the process size limit was hit
# Possible solutions:
#   Reduce memory load on the system
#   Increase physical memory or swap space
#   Check if swap backing store is full
#   Use 64 bit Java on a 64 bit OS
#   Decrease Java heap size (-Xmx/-Xms)
#   Decrease number of Java threads
#   Decrease Java thread stack sizes (-Xss)
#   Set larger code cache with -XX:ReservedCodeCacheSize=
# This output file may be truncated or incomplete.
#
#  Out of Memory Error (allocation.cpp:273), pid=23944, tid=0x0000000000002b10
#
# JRE version: OpenJDK Runtime Environment (8.0_152-b01) (build 1.8.0_152-release-915-b01)
# Java VM: OpenJDK 64-Bit Server VM (25.152-b01 mixed mode windows-amd64 compressed oops)
# Failed to write core dump. Minidumps are not enabled by default on client versions of Windows
#

---------------  T H R E A D  ---------------

Current thread (0x0000000017e4d000):  JavaThread "C2 CompilerThread0" daemon [_thread_in_native, id=11024, stack(0x0000000019490000,0x0000000019590000)]

Stack: [0x0000000019490000,0x0000000019590000]
[error occurred during error reporting (printing stack bounds), id 0xc0000005]

Native frames: (J=compiled Java code, j=interpreted, Vv=VM code, C=native code)


Current CompileTask:
C2:  73660 8204       4       java.util.concurrent.locks.AbstractQueuedSynchronizer$ConditionObject::awaitNanos (156 bytes)


---------------  P R O C E S S  ---------------

Java Threads: ( => current thread )
  0x000000001dfa2000 JavaThread "Forward streams with process: command 'C:\Users\maqso\AppData\Local\Android\Sdk\build-tools\25.0.3\aapt.exe' Thread 3" [_thread_in_native, id=28860, stack(0x0000000024760000,0x0000000024860000)]
  0x000000001dfa1000 JavaThread "Forward streams with process: command 'C:\Users\maqso\AppData\Local\Android\Sdk\build-tools\25.0.3\aapt.exe' Thread 2" [_thread_in_native, id=50836, stack(0x0000000024660000,0x0000000024760000)]
  0x000000001dfa0800 JavaThread "Forward streams with process: command 'C:\Users\maqso\AppData\Local\Android\Sdk\build-tools\25.0.3\aapt.exe'" [_thread_blocked, id=35836, stack(0x0000000024560000,0x0000000024660000)]
  0x000000001dfa3800 JavaThread "Run command 'C:\Users\maqso\AppData\Local\Android\Sdk\build-tools\25.0.3\aapt.exe'" [_thread_in_native, id=30448, stack(0x0000000024360000,0x0000000024460000)]
  0x000000001df9c000 JavaThread "Thread-12" [_thread_blocked, id=32656, stack(0x0000000024260000,0x0000000024360000)]
  0x000000001df9f800 JavaThread "Cache update executor" [_thread_blocked, id=39996, stack(0x0000000024160000,0x0000000024260000)]
  0x000000001ab4c000 JavaThread "Stdin handler" [_thread_blocked, id=43300, stack(0x0000000024060000,0x0000000024160000)]
  0x000000001ab4b000 JavaThread "Asynchronous log dispatcher for DefaultDaemonConnection: socket connection from /127.0.0.1:55333 to /127.0.0.1:55392" [_thread_blocked, id=14604, stack(0x0000000023f60000,0x0000000024060000)]
  0x000000001ab47800 JavaThread "Cancel handler" [_thread_blocked, id=14404, stack(0x0000000023e60000,0x0000000023f60000)]
  0x000000001ab48000 JavaThread "Handler for socket connection from /127.0.0.1:55333 to /127.0.0.1:55392" [_thread_in_native, id=452, stack(0x00000000222a0000,0x00000000223a0000)]
  0x000000001aa7e800 JavaThread "File lock request listener" [_thread_in_native, id=41500, stack(0x000000001f750000,0x000000001f850000)]
  0x000000001a997000 JavaThread "pool-1-thread-1" [_thread_blocked, id=19648, stack(0x000000001c4e0000,0x000000001c5e0000)]
  0x000000001aa33000 JavaThread "Daemon worker" [_thread_blocked, id=34276, stack(0x000000001c1e0000,0x000000001c2e0000)]
  0x000000001aa0e800 JavaThread "Daemon" [_thread_blocked, id=16964, stack(0x000000001bee0000,0x000000001bfe0000)]
  0x000000001a063800 JavaThread "Incoming local TCP Connector on port 55333" [_thread_in_native, id=14232, stack(0x000000001baa0000,0x000000001bba0000)]
  0x00000000197b4000 JavaThread "Service Thread" daemon [_thread_blocked, id=12120, stack(0x0000000019b90000,0x0000000019c90000)]
  0x0000000017e7b800 JavaThread "C1 CompilerThread2" daemon [_thread_blocked, id=51380, stack(0x0000000019690000,0x0000000019790000)]
  0x0000000017e52000 JavaThread "C2 CompilerThread1" daemon [_thread_blocked, id=22000, stack(0x0000000019590000,0x0000000019690000)]
=>0x0000000017e4d000 JavaThread "C2 CompilerThread0" daemon [_thread_in_native, id=11024, stack(0x0000000019490000,0x0000000019590000)]
  0x0000000017e4c000 JavaThread "Attach Listener" daemon [_thread_blocked, id=55000, stack(0x0000000019390000,0x0000000019490000)]
  0x0000000017e4b000 JavaThread "Signal Dispatcher" daemon [_thread_blocked, id=1280, stack(0x0000000019290000,0x0000000019390000)]
  0x0000000017e3c800 JavaThread "Finalizer" daemon [_thread_blocked, id=23576, stack(0x00000000190a0000,0x00000000191a0000)]
  0x0000000004485000 JavaThread "Reference Handler" daemon [_thread_blocked, id=54300, stack(0x0000000018fa0000,0x00000000190a0000)]
  0x00000000044de000 JavaThread "main" [_thread_blocked, id=52368, stack(0x0000000004260000,0x0000000004360000)]

Other Threads:
  0x0000000017e15000 VMThread [stack: 0x0000000018ea0000,0x0000000018fa0000] [id=51640]
  0x00000000197ac000 WatcherThread [stack: 0x0000000019c90000,0x0000000019d90000] [id=4072]

VM state:not at safepoint (normal execution)

VM Mutex/Monitor currently owned by a thread: None

Heap:
 PSYoungGen      total 115200K, used 37883K [0x00000000e0000000, 0x00000000ea700000, 0x0000000100000000)
  eden space 103424K, 36% used [0x00000000e0000000,0x00000000e24fefd8,0x00000000e6500000)
  from space 11776K, 0% used [0x00000000e7400000,0x00000000e7400000,0x00000000e7f80000)
  to   space 15360K, 0% used [0x00000000e6500000,0x00000000e6500000,0x00000000e7400000)
 ParOldGen       total 56832K, used 43355K [0x00000000a0000000, 0x00000000a3780000, 0x00000000e0000000)
  object space 56832K, 76% used [0x00000000a0000000,0x00000000a2a56e88,0x00000000a3780000)
 Metaspace       used 58129K, capacity 60630K, committed 60928K, reserved 1101824K
  class space    used 7810K, capacity 8412K, committed 8448K, reserved 1048576K

Card table byte_map: [0x00000000138a0000,0x0000000013bb0000] byte_map_base: 0x00000000133a0000

Marking Bits: (ParMarkBitMap*) 0x0000000057da3950
 Begin Bits: [0x00000000141b0000, 0x00000000159b0000)
 End Bits:   [0x00000000159b0000, 0x00000000171b0000)

Polling page: 0x00000000025c0000

CodeCache: size=245760Kb used=25446Kb max_used=25495Kb free=220314Kb
 bounds [0x00000000044e0000, 0x0000000005e00000, 0x00000000134e0000]
 total_blobs=8089 nmethods=7321 adapters=680
 compilation: enabled

Compilation events (10 events):
Event: 69.256 Thread 0x0000000017e7b800 nmethod 8199 0x0000000005001e10 code [0x0000000005001fa0, 0x0000000005002448]
Event: 69.257 Thread 0x0000000017e7b800 8202       3       java.lang.ProcessEnvironment$CheckedEntry::getKey (5 bytes)
Event: 69.257 Thread 0x0000000017e7b800 nmethod 8202 0x00000000047b1250 code [0x00000000047b13c0, 0x00000000047b1728]
Event: 69.257 Thread 0x0000000017e7b800 8203       3       java.lang.ProcessEnvironment$CheckedEntry::getKey (13 bytes)
Event: 69.258 Thread 0x0000000017e7b800 nmethod 8203 0x000000000488ded0 code [0x000000000488e040, 0x000000000488e348]
Event: 69.258 Thread 0x0000000017e7b800 8200       3       java.lang.ProcessEnvironment$CheckedEntrySet$1::next (20 bytes)
Event: 69.258 Thread 0x0000000017e7b800 nmethod 8200 0x0000000004982c50 code [0x0000000004982de0, 0x0000000004983228]
Event: 69.259 Thread 0x0000000017e7b800 8201       3       java.lang.ProcessEnvironment$CheckedEntry::<init> (10 bytes)
Event: 69.259 Thread 0x0000000017e7b800 nmethod 8201 0x0000000004748fd0 code [0x0000000004749120, 0x00000000047492f0]
Event: 73.111 Thread 0x0000000017e4d000 8204       4       java.util.concurrent.locks.AbstractQueuedSynchronizer$ConditionObject::awaitNanos (156 bytes)

GC Heap History (10 events):
Event: 55.703 GC heap before
{Heap before GC invocations=17 (full 2):
 PSYoungGen      total 82432K, used 79860K [0x00000000e0000000, 0x00000000e5d00000, 0x0000000100000000)
  eden space 71168K, 100% used [0x00000000e0000000,0x00000000e4580000,0x00000000e4580000)
  from space 11264K, 77% used [0x00000000e5100000,0x00000000e597d370,0x00000000e5c00000)
  to   space 11776K, 0% used [0x00000000e4580000,0x00000000e4580000,0x00000000e5100000)
 ParOldGen       total 56832K, used 15742K [0x00000000a0000000, 0x00000000a3780000, 0x00000000e0000000)
  object space 56832K, 27% used [0x00000000a0000000,0x00000000a0f5fbe0,0x00000000a3780000)
 Metaspace       used 47836K, capacity 49358K, committed 49664K, reserved 1091584K
  class space    used 6428K, capacity 6842K, committed 6912K, reserved 1048576K
Event: 55.726 GC heap after
Heap after GC invocations=17 (full 2):
 PSYoungGen      total 82944K, used 7836K [0x00000000e0000000, 0x00000000e7f80000, 0x0000000100000000)
  eden space 71168K, 0% used [0x00000000e0000000,0x00000000e0000000,0x00000000e4580000)
  from space 11776K, 66% used [0x00000000e4580000,0x00000000e4d271a0,0x00000000e5100000)
  to   space 11776K, 0% used [0x00000000e7400000,0x00000000e7400000,0x00000000e7f80000)
 ParOldGen       total 56832K, used 21926K [0x00000000a0000000, 0x00000000a3780000, 0x00000000e0000000)
  object space 56832K, 38% used [0x00000000a0000000,0x00000000a1569970,0x00000000a3780000)
 Metaspace       used 47836K, capacity 49358K, committed 49664K, reserved 1091584K
  class space    used 6428K, capacity 6842K, committed 6912K, reserved 1048576K
}
Event: 57.214 GC heap before
{Heap before GC invocations=18 (full 2):
 PSYoungGen      total 82944K, used 79004K [0x00000000e0000000, 0x00000000e7f80000, 0x0000000100000000)
  eden space 71168K, 100% used [0x00000000e0000000,0x00000000e4580000,0x00000000e4580000)
  from space 11776K, 66% used [0x00000000e4580000,0x00000000e4d271a0,0x00000000e5100000)
  to   space 11776K, 0% used [0x00000000e7400000,0x00000000e7400000,0x00000000e7f80000)
 ParOldGen       total 56832K, used 21926K [0x00000000a0000000, 0x00000000a3780000, 0x00000000e0000000)
  object space 56832K, 38% used [0x00000000a0000000,0x00000000a1569970,0x00000000a3780000)
 Metaspace       used 50590K, capacity 52216K, committed 52352K, reserved 1093632K
  class space    used 6851K, capacity 7256K, committed 7296K, reserved 1048576K
Event: 57.237 GC heap after
Heap after GC invocations=18 (full 2):
 PSYoungGen      total 118784K, used 7781K [0x00000000e0000000, 0x00000000e7f80000, 0x0000000100000000)
  eden space 107008K, 0% used [0x00000000e0000000,0x00000000e0000000,0x00000000e6880000)
  from space 11776K, 66% used [0x00000000e7400000,0x00000000e7b994d8,0x00000000e7f80000)
  to   space 11776K, 0% used [0x00000000e6880000,0x00000000e6880000,0x00000000e7400000)
 ParOldGen       total 56832K, used 27062K [0x00000000a0000000, 0x00000000a3780000, 0x00000000e0000000)
  object space 56832K, 47% used [0x00000000a0000000,0x00000000a1a6da98,0x00000000a3780000)
 Metaspace       used 50590K, capacity 52216K, committed 52352K, reserved 1093632K
  class space    used 6851K, capacity 7256K, committed 7296K, reserved 1048576K
}
Event: 62.987 GC heap before
{Heap before GC invocations=19 (full 2):
 PSYoungGen      total 118784K, used 114789K [0x00000000e0000000, 0x00000000e7f80000, 0x0000000100000000)
  eden space 107008K, 100% used [0x00000000e0000000,0x00000000e6880000,0x00000000e6880000)
  from space 11776K, 66% used [0x00000000e7400000,0x00000000e7b994d8,0x00000000e7f80000)
  to   space 11776K, 0% used [0x00000000e6880000,0x00000000e6880000,0x00000000e7400000)
 ParOldGen       total 56832K, used 27062K [0x00000000a0000000, 0x00000000a3780000, 0x00000000e0000000)
  object space 56832K, 47% used [0x00000000a0000000,0x00000000a1a6da98,0x00000000a3780000)
 Metaspace       used 54524K, capacity 56982K, committed 57088K, reserved 1097728K
  class space    used 7351K, capacity 7888K, committed 7936K, reserved 1048576K
Event: 63.014 GC heap after
Heap after GC invocations=19 (full 2):
 PSYoungGen      total 118784K, used 11772K [0x00000000e0000000, 0x00000000e7f80000, 0x0000000100000000)
  eden space 107008K, 0% used [0x00000000e0000000,0x00000000e0000000,0x00000000e6880000)
  from space 11776K, 99% used [0x00000000e6880000,0x00000000e73ff388,0x00000000e7400000)
  to   space 11776K, 0% used [0x00000000e7400000,0x00000000e7400000,0x00000000e7f80000)
 ParOldGen       total 56832K, used 34205K [0x00000000a0000000, 0x00000000a3780000, 0x00000000e0000000)
  object space 56832K, 60% used [0x00000000a0000000,0x00000000a21677a0,0x00000000a3780000)
 Metaspace       used 54524K, capacity 56982K, committed 57088K, reserved 1097728K
  class space    used 7351K, capacity 7888K, committed 7936K, reserved 1048576K
}
Event: 66.883 GC heap before
{Heap before GC invocations=20 (full 2):
 PSYoungGen      total 118784K, used 67569K [0x00000000e0000000, 0x00000000e7f80000, 0x0000000100000000)
  eden space 107008K, 52% used [0x00000000e0000000,0x00000000e367d438,0x00000000e6880000)
  from space 11776K, 99% used [0x00000000e6880000,0x00000000e73ff388,0x00000000e7400000)
  to   space 11776K, 0% used [0x00000000e7400000,0x00000000e7400000,0x00000000e7f80000)
 ParOldGen       total 56832K, used 34205K [0x00000000a0000000, 0x00000000a3780000, 0x00000000e0000000)
  object space 56832K, 60% used [0x00000000a0000000,0x00000000a21677a0,0x00000000a3780000)
 Metaspace       used 56536K, capacity 59012K, committed 59028K, reserved 1099776K
  class space    used 7603K, capacity 8177K, committed 8192K, reserved 1048576K
Event: 66.903 GC heap after
Heap after GC invocations=20 (full 2):
 PSYoungGen      total 115200K, used 4737K [0x00000000e0000000, 0x00000000ea700000, 0x0000000100000000)
  eden space 103424K, 0% used [0x00000000e0000000,0x00000000e0000000,0x00000000e6500000)
  from space 11776K, 40% used [0x00000000e7400000,0x00000000e78a05d8,0x00000000e7f80000)
  to   space 15360K, 0% used [0x00000000e6500000,0x00000000e6500000,0x00000000e7400000)
 ParOldGen       total 56832K, used 45247K [0x00000000a0000000, 0x00000000a3780000, 0x00000000e0000000)
  object space 56832K, 79% used [0x00000000a0000000,0x00000000a2c2fd18,0x00000000a3780000)
 Metaspace       used 56536K, capacity 59012K, committed 59028K, reserved 1099776K
  class space    used 7603K, capacity 8177K, committed 8192K, reserved 1048576K
}
Event: 66.903 GC heap before
{Heap before GC invocations=21 (full 3):
 PSYoungGen      total 115200K, used 4737K [0x00000000e0000000, 0x00000000ea700000, 0x0000000100000000)
  eden space 103424K, 0% used [0x00000000e0000000,0x00000000e0000000,0x00000000e6500000)
  from space 11776K, 40% used [0x00000000e7400000,0x00000000e78a05d8,0x00000000e7f80000)
  to   space 15360K, 0% used [0x00000000e6500000,0x00000000e6500000,0x00000000e7400000)
 ParOldGen       total 56832K, used 45247K [0x00000000a0000000, 0x00000000a3780000, 0x00000000e0000000)
  object space 56832K, 79% used [0x00000000a0000000,0x00000000a2c2fd18,0x00000000a3780000)
 Metaspace       used 56536K, capacity 59012K, committed 59028K, reserved 1099776K
  class space    used 7603K, capacity 8177K, committed 8192K, reserved 1048576K
Event: 67.323 GC heap after
Heap after GC invocations=21 (full 3):
 PSYoungGen      total 115200K, used 0K [0x00000000e0000000, 0x00000000ea700000, 0x0000000100000000)
  eden space 103424K, 0% used [0x00000000e0000000,0x00000000e0000000,0x00000000e6500000)
  from space 11776K, 0% used [0x00000000e7400000,0x00000000e7400000,0x00000000e7f80000)
  to   space 15360K, 0% used [0x00000000e6500000,0x00000000e6500000,0x00000000e7400000)
 ParOldGen       total 56832K, used 43355K [0x00000000a0000000, 0x00000000a3780000, 0x00000000e0000000)
  object space 56832K, 76% used [0x00000000a0000000,0x00000000a2a56e88,0x00000000a3780000)
 Metaspace       used 56536K, capacity 59012K, committed 59028K, reserved 1099776K
  class space    used 7603K, capacity 8177K, committed 8192K, reserved 1048576K
}

Deoptimization events (10 events):
Event: 68.579 Thread 0x000000001aa33000 Uncommon trap: reason=bimorphic action=maybe_recompile pc=0x0000000004f861d4 method=com.sun.org.apache.xerces.internal.dom.NamedNodeMapImpl.findNamePoint(Ljava/lang/String;I)I @ 57
Event: 68.579 Thread 0x000000001aa33000 Uncommon trap: reason=bimorphic action=maybe_recompile pc=0x0000000004f861d4 method=com.sun.org.apache.xerces.internal.dom.NamedNodeMapImpl.findNamePoint(Ljava/lang/String;I)I @ 57
Event: 68.595 Thread 0x000000001aa33000 Uncommon trap: reason=speculate_class_check action=maybe_recompile pc=0x0000000004f36144 method=com.sun.org.apache.xerces.internal.dom.ElementImpl.getNodeName()Ljava/lang/String; @ 8
Event: 68.595 Thread 0x000000001aa33000 Uncommon trap: reason=unstable_if action=reinterpret pc=0x0000000004f605cc method=com.sun.org.apache.xerces.internal.dom.NamedNodeMapImpl.findNamePoint(Ljava/lang/String;I)I @ 69
Event: 68.600 Thread 0x000000001aa33000 Uncommon trap: reason=bimorphic action=maybe_recompile pc=0x000000000545da34 method=com.sun.org.apache.xerces.internal.impl.XMLEntityScanner.load(IZZ)Z @ 81
Event: 68.600 Thread 0x000000001aa33000 Uncommon trap: reason=speculate_class_check action=maybe_recompile pc=0x0000000004f36144 method=com.sun.org.apache.xerces.internal.dom.ElementImpl.getNodeName()Ljava/lang/String; @ 8
Event: 68.767 Thread 0x000000001aa33000 Uncommon trap: reason=bimorphic action=maybe_recompile pc=0x000000000545da34 method=com.sun.org.apache.xerces.internal.impl.XMLEntityScanner.load(IZZ)Z @ 81
Event: 68.806 Thread 0x000000001aa33000 Uncommon trap: reason=unstable_if action=reinterpret pc=0x000000000485ed20 method=sun.nio.cs.SingleByte$Encoder.encodeArrayLoop(Ljava/nio/CharBuffer;Ljava/nio/ByteBuffer;)Ljava/nio/charset/CoderResult; @ 70
Event: 69.153 Thread 0x000000001aa33000 Uncommon trap: reason=unstable_if action=reinterpret pc=0x0000000004af0614 method=java.util.regex.Pattern.append(II)V @ 6
Event: 69.158 Thread 0x000000001aa33000 Uncommon trap: reason=unstable_if action=reinterpret pc=0x00000000049e4004 method=java.util.regex.Pattern.append(II)V @ 6

Classes redefined (0 events):
No events

Internal exceptions (10 events):
Event: 64.625 Thread 0x000000001aa33000 Exception <a 'sun/nio/fs/WindowsException'> (0x00000000e1a90c70) thrown at [D:\src\AOSP-openjdk-cygwin\jdk8u\hotspot\src\share\vm\prims\jni.cpp, line 709]
Event: 64.625 Thread 0x000000001aa33000 Exception <a 'sun/nio/fs/WindowsException'> (0x00000000e1a929a0) thrown at [D:\src\AOSP-openjdk-cygwin\jdk8u\hotspot\src\share\vm\prims\jni.cpp, line 709]
Event: 64.625 Thread 0x000000001aa33000 Exception <a 'sun/nio/fs/WindowsException'> (0x00000000e1a936c8) thrown at [D:\src\AOSP-openjdk-cygwin\jdk8u\hotspot\src\share\vm\prims\jni.cpp, line 709]
Event: 65.727 Thread 0x000000001aa33000 Exception <a 'java/lang/NoSuchMethodError': <clinit>> (0x00000000e2dcb9a0) thrown at [D:\src\AOSP-openjdk-cygwin\jdk8u\hotspot\src\share\vm\prims\jni.cpp, line 1613]
Event: 65.729 Thread 0x000000001aa33000 Exception <a 'java/lang/NoSuchMethodError': <clinit>> (0x00000000e2dd9208) thrown at [D:\src\AOSP-openjdk-cygwin\jdk8u\hotspot\src\share\vm\prims\jni.cpp, line 1613]
Event: 65.771 Thread 0x000000001aa33000 Exception <a 'java/lang/NoSuchMethodError': <clinit>> (0x00000000e2e4c5a0) thrown at [D:\src\AOSP-openjdk-cygwin\jdk8u\hotspot\src\share\vm\prims\jni.cpp, line 1613]
Event: 65.772 Thread 0x000000001aa33000 Exception <a 'java/lang/NoSuchMethodError': <clinit>> (0x00000000e2e652f8) thrown at [D:\src\AOSP-openjdk-cygwin\jdk8u\hotspot\src\share\vm\prims\jni.cpp, line 1613]
Event: 65.772 Thread 0x000000001aa33000 Exception <a 'java/lang/NoSuchMethodError': <clinit>> (0x00000000e2e66f78) thrown at [D:\src\AOSP-openjdk-cygwin\jdk8u\hotspot\src\share\vm\prims\jni.cpp, line 1613]
Event: 67.411 Thread 0x000000001aa33000 Implicit null exception at 0x0000000004f99e6d to 0x0000000004f9aa45
Event: 69.216 Thread 0x000000001aa33000 Exception <a 'java/lang/NoSuchMethodError': java.lang.Object.lambda$negate$1(Ljava/lang/Object;)Z> (0x00000000e2049058) thrown at [D:\src\AOSP-openjdk-cygwin\jdk8u\hotspot\src\share\vm\interpreter\linkResolver.cpp, line 584]

Events (10 events):
Event: 70.124 loading class org/gradle/process/internal/streams/ExecOutputHandleRunner
Event: 70.124 loading class org/gradle/process/internal/streams/ExecOutputHandleRunner done
Event: 70.124 Executing VM operation: RevokeBias
Event: 70.124 Executing VM operation: RevokeBias done
Event: 70.124 Thread 0x000000001df9f000 Thread exited: 0x000000001df9f000
Event: 70.125 Thread 0x000000001dfa0800 Thread added: 0x000000001dfa0800
Event: 70.125 Thread 0x000000001dfa1000 Thread added: 0x000000001dfa1000
Event: 70.125 Thread 0x000000001dfa2000 Thread added: 0x000000001dfa2000
Event: 70.125 Executing VM operation: RevokeBias
Event: 70.126 Executing VM operation: RevokeBias done


Dynamic libraries:
0x00007ff7563d0000 - 0x00007ff756401000 	C:\Program Files\Android\Android Studio\jre\bin\java.exe
0x00007ffcf9340000 - 0x00007ffcf9520000 	C:\WINDOWS\SYSTEM32\ntdll.dll
0x00007ffcf6b60000 - 0x00007ffcf6c0e000 	C:\WINDOWS\System32\KERNEL32.DLL
0x00007ffcf65a0000 - 0x00007ffcf6806000 	C:\WINDOWS\System32\KERNELBASE.dll
0x00007ffcf6ab0000 - 0x00007ffcf6b51000 	C:\WINDOWS\System32\ADVAPI32.dll
0x00007ffcf6810000 - 0x00007ffcf68ad000 	C:\WINDOWS\System32\msvcrt.dll
0x00007ffcf89a0000 - 0x00007ffcf89fb000 	C:\WINDOWS\System32\sechost.dll
0x00007ffcf8350000 - 0x00007ffcf846f000 	C:\WINDOWS\System32\RPCRT4.dll
0x00007ffcf8aa0000 - 0x00007ffcf8c2f000 	C:\WINDOWS\System32\USER32.dll
0x00007ffcf62e0000 - 0x00007ffcf6300000 	C:\WINDOWS\System32\win32u.dll
0x00007ffcf8a00000 - 0x00007ffcf8a28000 	C:\WINDOWS\System32\GDI32.dll
0x00007ffcf6400000 - 0x00007ffcf6594000 	C:\WINDOWS\System32\gdi32full.dll
0x00007ffcf6160000 - 0x00007ffcf61fb000 	C:\WINDOWS\System32\msvcp_win.dll
0x00007ffcf6300000 - 0x00007ffcf63f6000 	C:\WINDOWS\System32\ucrtbase.dll
0x00007ffce95b0000 - 0x00007ffce9819000 	C:\WINDOWS\WinSxS\amd64_microsoft.windows.common-controls_6595b64144ccf1df_6.0.16299.64_none_cc9304e22215ca8f\COMCTL32.dll
0x00007ffcf84d0000 - 0x00007ffcf87d8000 	C:\WINDOWS\System32\combase.dll
0x00007ffcf6200000 - 0x00007ffcf6272000 	C:\WINDOWS\System32\bcryptPrimitives.dll
0x00007ffcf8970000 - 0x00007ffcf899d000 	C:\WINDOWS\System32\IMM32.DLL
0x00000000586f0000 - 0x00000000587c2000 	C:\Program Files\Android\Android Studio\jre\jre\bin\msvcr100.dll
0x00000000575e0000 - 0x0000000057e1e000 	C:\Program Files\Android\Android Studio\jre\jre\bin\server\jvm.dll
0x00007ffcf8a30000 - 0x00007ffcf8a38000 	C:\WINDOWS\System32\PSAPI.DLL
0x00007ffcea640000 - 0x00007ffcea663000 	C:\WINDOWS\SYSTEM32\WINMM.dll
0x00007ffcee5f0000 - 0x00007ffcee5fa000 	C:\WINDOWS\SYSTEM32\VERSION.dll
0x00007ffcf11c0000 - 0x00007ffcf11c9000 	C:\WINDOWS\SYSTEM32\WSOCK32.dll
0x00007ffcf9150000 - 0x00007ffcf91bc000 	C:\WINDOWS\System32\WS2_32.dll
0x00007ffcea230000 - 0x00007ffcea25a000 	C:\WINDOWS\SYSTEM32\WINMMBASE.dll
0x00007ffcf6110000 - 0x00007ffcf615a000 	C:\WINDOWS\System32\cfgmgr32.dll
0x00007ffcf11b0000 - 0x00007ffcf11bf000 	C:\Program Files\Android\Android Studio\jre\jre\bin\verify.dll
0x00007ffce58c0000 - 0x00007ffce58e9000 	C:\Program Files\Android\Android Studio\jre\jre\bin\java.dll
0x00007ffcf0480000 - 0x00007ffcf0496000 	C:\Program Files\Android\Android Studio\jre\jre\bin\zip.dll
0x00007ffcf6d40000 - 0x00007ffcf8177000 	C:\WINDOWS\System32\SHELL32.dll
0x00007ffcf82a0000 - 0x00007ffcf8346000 	C:\WINDOWS\System32\shcore.dll
0x00007ffcf59c0000 - 0x00007ffcf6107000 	C:\WINDOWS\System32\windows.storage.dll
0x00007ffcf6a50000 - 0x00007ffcf6aa1000 	C:\WINDOWS\System32\shlwapi.dll
0x00007ffcf5720000 - 0x00007ffcf5731000 	C:\WINDOWS\System32\kernel.appcore.dll
0x00007ffcf56b0000 - 0x00007ffcf56fc000 	C:\WINDOWS\System32\powrprof.dll
0x00007ffcf5690000 - 0x00007ffcf56ab000 	C:\WINDOWS\System32\profapi.dll
0x00007ffceecb0000 - 0x00007ffceecca000 	C:\Program Files\Android\Android Studio\jre\jre\bin\net.dll
0x00007ffcf4ec0000 - 0x00007ffcf4f26000 	C:\WINDOWS\system32\mswsock.dll
0x00007ffcedfb0000 - 0x00007ffcedfc1000 	C:\Program Files\Android\Android Studio\jre\jre\bin\nio.dll
0x00007ffcedcf0000 - 0x00007ffcedd0e000 	C:\Users\maqso\.gradle\native\23\windows-amd64\native-platform.dll
0x00007ffcf5090000 - 0x00007ffcf50a7000 	C:\WINDOWS\SYSTEM32\CRYPTSP.dll
0x00007ffcf4ad0000 - 0x00007ffcf4b03000 	C:\WINDOWS\system32\rsaenh.dll
0x00007ffcf5190000 - 0x00007ffcf51b5000 	C:\WINDOWS\SYSTEM32\bcrypt.dll
0x00007ffcf55c0000 - 0x00007ffcf55e9000 	C:\WINDOWS\SYSTEM32\USERENV.dll
0x00007ffcf5080000 - 0x00007ffcf508b000 	C:\WINDOWS\SYSTEM32\CRYPTBASE.dll
0x00007ffcf4c50000 - 0x00007ffcf4c89000 	C:\WINDOWS\SYSTEM32\IPHLPAPI.DLL
0x00007ffcf8180000 - 0x00007ffcf8188000 	C:\WINDOWS\System32\NSI.dll
0x00007ffcecf60000 - 0x00007ffcecf76000 	C:\WINDOWS\SYSTEM32\dhcpcsvc6.DLL
0x00007ffced1d0000 - 0x00007ffced1ea000 	C:\WINDOWS\SYSTEM32\dhcpcsvc.DLL
0x00007ffcf11a0000 - 0x00007ffcf11ad000 	C:\Program Files\Android\Android Studio\jre\jre\bin\management.dll

VM Arguments:
jvm_args: -Xmx1536m -Dfile.encoding=windows-1252 -Duser.country=US -Duser.language=en -Duser.variant 
java_command: org.gradle.launcher.daemon.bootstrap.GradleDaemon 3.3
java_class_path (initial): C:\Users\maqso\.gradle\wrapper\dists\gradle-3.3-all\55gk2rcmfc6p2dg9u9ohc3hw9\gradle-3.3\lib\gradle-launcher-3.3.jar
Launcher Type: SUN_STANDARD

Environment Variables:
PATH=C:\Program Files (x86)\Intel\iCLS Client\;C:\Program Files\Intel\iCLS Client\;C:\ProgramData\Oracle\Java\javapath;C:\WINDOWS\system32;C:\WINDOWS;C:\WINDOWS\System32\Wbem;C:\WINDOWS\System32\WindowsPowerShell\v1.0\;C:\Program Files\Hewlett-Packard\SimplePass\;C:\Program Files (x86)\Windows Kits\8.1\Windows Performance Toolkit\;C:\adb;C:\Program Files (x86)\Common Files\lenovo\easyplussdk\bin;C:\WINDOWS\system32;C:\WINDOWS;C:\WINDOWS\System32\Wbem;C:\WINDOWS\System32\WindowsPowerShell\v1.0\;C:\Program Files\Java\jdk1.8.0_91\bin;C:\Program Files\Java\jre1.8.0_91\bin;E:\Software\database\php;C:\xampp\php;C:\ProgramData\ComposerSetup\bin;C:\Program Files\Intel\Intel(R) Management Engine Components\DAL;C:\Program Files\Intel\Intel(R) Management Engine Components\IPT;C:\Program Files (x86)\Intel\Intel(R) Management Engine Components\DAL;C:\Program Files (x86)\Intel\Intel(R) Management Engine Components\IPT;C:\Program Files\Intel\WiFi\bin\;C:\Program Files\Common Files\Intel\WirelessCommon\;C:\Program Files\Git\cmd;C:\Users\maqso\AppData\Local\Microsoft\WindowsApps;C:\Users\maqso\AppData\Roaming\Composer\vendor\bin;C:\Program Files\Intel\WiFi\bin\;C:\Program Files\Common Files\Intel\WirelessCommon\;
USERNAME=maqso
OS=Windows_NT
PROCESSOR_IDENTIFIER=Intel64 Family 6 Model 60 Stepping 3, GenuineIntel



---------------  S Y S T E M  ---------------

OS: Windows 10.0 , 64 bit Build 16299 (10.0.16299.15)

CPU:total 4 (initial active 4) (2 cores per cpu, 2 threads per core) family 6 model 60 stepping 3, cmov, cx8, fxsr, mmx, sse, sse2, sse3, ssse3, sse4.1, sse4.2, popcnt, avx, avx2, aes, clmul, erms, lzcnt, ht, tsc, tscinvbit, bmi1, bmi2

Memory: 4k page, physical 8319256k(529828k free), swap 10276120k(8532k free)

vm_info: OpenJDK 64-Bit Server VM (25.152-b01) for windows-amd64 JRE (1.8.0_152-release-915-b01), built by "builder" with MS VC++ 10.0 (VS2010)

time: Fri Dec 01 23:48:29 2017
elapsed time: 73 seconds (0d 0h 1m 13s)

